<?xml version="1.0" encoding="UTF-8"?>
<!-- Generated by org.testng.reporters.JUnitReportReporter -->
<testsuite hostname="Imperetors" failures="0" tests="1" name="testCases.TC001_AccountRegistrationTest" time="3.633" errors="0" timestamp="2024-10-01T17:14:02 EDT" skipped="0">
  <testcase classname="testCases.TC001_AccountRegistrationTest" name="verify_account_registration" time="3.633"/>
  <system-out/>
</testsuite> <!-- testCases.TC001_AccountRegistrationTest -->
