<?xml version="1.0" encoding="UTF-8"?>
<!-- Generated by org.testng.reporters.JUnitReportReporter -->
<testsuite hostname="Imperetors" failures="0" tests="1" name="testCases.TC002_LoginTest" time="1.870" errors="0" timestamp="2024-10-01T17:14:02 EDT" skipped="0">
  <testcase classname="testCases.TC002_LoginTest" name="verify_login" time="1.870"/>
  <system-out/>
</testsuite> <!-- testCases.TC002_LoginTest -->
